{
  "stats": {
    "suites": 1,
    "tests": 1,
    "passes": 1,
    "pending": 0,
    "failures": 0,
    "start": "2023-10-28T13:39:56.790Z",
    "end": "2023-10-28T13:39:56.872Z",
    "duration": 82,
    "testsRegistered": 1,
    "passPercent": 100,
    "pendingPercent": 0,
    "other": 0,
    "hasOther": false,
    "skipped": 0,
    "hasSkipped": false
  },
  "results": [
    {
      "uuid": "cee09c45-eee9-4f6a-97e6-32b8fa2c26a3",
      "title": "",
      "fullFile": "",
      "file": "",
      "beforeHooks": [],
      "afterHooks": [],
      "tests": [],
      "suites": [
        {
          "uuid": "87d02991-4803-45b4-a1f2-a1e283dad2cf",
          "title": "GET /users",
          "fullFile": "/Users/deepakverma/project1/simple-nodejs-web-app/server/test/integration/index.js",
          "file": "/test/integration/index.js",
          "beforeHooks": [],
          "afterHooks": [],
          "tests": [
            {
              "title": "Should display a list of users, fetched from db",
              "fullTitle": "GET /users Should display a list of users, fetched from db",
              "timedOut": false,
              "duration": 76,
              "state": "passed",
              "speed": "slow",
              "pass": true,
              "fail": false,
              "pending": false,
              "context": null,
              "code": "_chai.default.request(_index.default).get(\"/users\").then(res => {\n  (0, _chai.expect)(res).to.be.html;\n  res.text.should.match(/<h1.*>Rapidcode Users<\\/h1>/g);\n  res.text.should.match(/<h3.*>.*<\\/h3>/g);\n  done();\n}).catch(err => {\n  done(err);\n});",
              "err": {},
              "uuid": "09bcbedc-59d6-4431-b37d-67988e1c188f",
              "parentUUID": "87d02991-4803-45b4-a1f2-a1e283dad2cf",
              "isHook": false,
              "skipped": false
            }
          ],
          "suites": [],
          "passes": [
            "09bcbedc-59d6-4431-b37d-67988e1c188f"
          ],
          "failures": [],
          "pending": [],
          "skipped": [],
          "duration": 76,
          "root": false,
          "rootEmpty": false,
          "_timeout": 10000
        }
      ],
      "passes": [],
      "failures": [],
      "pending": [],
      "skipped": [],
      "duration": 0,
      "root": true,
      "rootEmpty": true,
      "_timeout": 10000
    }
  ],
  "meta": {
    "mocha": {
      "version": "8.3.2"
    },
    "mochawesome": {
      "options": {
        "quiet": false,
        "reportFilename": "mochawesome",
        "saveHtml": true,
        "saveJson": true,
        "consoleReporter": "spec",
        "useInlineDiffs": false,
        "code": true
      },
      "version": "6.2.2"
    },
    "marge": {
      "options": null,
      "version": "5.2.0"
    }
  }
}