{
  "stats": {
    "suites": 1,
    "tests": 1,
    "passes": 0,
    "pending": 0,
    "failures": 1,
    "start": "2024-07-12T06:36:18.955Z",
    "end": "2024-07-12T06:36:19.086Z",
    "duration": 131,
    "testsRegistered": 1,
    "passPercent": 0,
    "pendingPercent": 0,
    "other": 0,
    "hasOther": false,
    "skipped": 0,
    "hasSkipped": false
  },
  "results": [
    {
      "uuid": "11f4c2bd-bc6e-4372-b383-9e560182041f",
      "title": "",
      "fullFile": "",
      "file": "",
      "beforeHooks": [],
      "afterHooks": [],
      "tests": [],
      "suites": [
        {
          "uuid": "5dd5e0b3-cf4e-4fbe-9126-b12173913779",
          "title": "GET /users",
          "fullFile": "/home/liran/myProject/simple-nodejs-web-app/server/test/integration/index.js",
          "file": "/test/integration/index.js",
          "beforeHooks": [],
          "afterHooks": [],
          "tests": [
            {
              "title": "Should display a list of users, fetched from db",
              "fullTitle": "GET /users Should display a list of users, fetched from db",
              "timedOut": false,
              "duration": 69,
              "state": "failed",
              "speed": null,
              "pass": false,
              "fail": true,
              "pending": false,
              "context": null,
              "code": "_chai.default.request(_index.default).get(\"/users\").then(res => {\n  (0, _chai.expect)(res).to.be.html;\n  res.text.should.match(/<h1.*>Rapidcode Users<\\/h1>/g);\n  res.text.should.match(/<h3.*>.*<\\/h3>/g);\n  done();\n}).catch(err => {\n  done(err);\n});",
              "err": {
                "message": "AssertionError: expected '<!DOCTYPE html>\\n<html lang=\"en\">\\n  <head>\\n    <meta charset=\"UTF-8\" />\\n    <meta http-equiv=\"X-UA-Compatible\" content=\"IE=edge\" />\\n    <meta name=\"viewport\" content=\"width=device-width, initial-scale=1.0\" />\\n    <!--\\n      <link rel=\"stylesheet\" href=\"./css/styles.css\" />\\n    -->\\n    <title>Simple Web App</title>\\n    <style>\\n      body {\\n        background-color: #333;\\n        color: white;\\n      }\\n\\n      .container {\\n        position: absolute;\\n        top: 50%;\\n        left: 50%;\\n        transform: translate(-50%, -50%);\\n        text-align: center;\\n      }\\n    </style>\\n  </head>\\n  <body>\\n    <div class=\"container\">\\n      <h1 style=\"margin-bottom: 2em\">Users</h1>\\n      \\n      <h3>Fibre Bundle</h3>\\n      \\n      <h3>Quantum Electrodynamics</h3>\\n      \\n      <h3>Feynman Diagram</h3>\\n      \\n      <h3>Differentiable Manifold</h3>\\n      \\n    </div>\\n  </body>\\n</html>\\n' to match /<h1.*>Rapidcode Users<\\/h1>/g",
                "estack": "AssertionError: expected '<!DOCTYPE html>\\n<html lang=\"en\">\\n  <head>\\n    <meta charset=\"UTF-8\" />\\n    <meta http-equiv=\"X-UA-Compatible\" content=\"IE=edge\" />\\n    <meta name=\"viewport\" content=\"width=device-width, initial-scale=1.0\" />\\n    <!--\\n      <link rel=\"stylesheet\" href=\"./css/styles.css\" />\\n    -->\\n    <title>Simple Web App</title>\\n    <style>\\n      body {\\n        background-color: #333;\\n        color: white;\\n      }\\n\\n      .container {\\n        position: absolute;\\n        top: 50%;\\n        left: 50%;\\n        transform: translate(-50%, -50%);\\n        text-align: center;\\n      }\\n    </style>\\n  </head>\\n  <body>\\n    <div class=\"container\">\\n      <h1 style=\"margin-bottom: 2em\">Users</h1>\\n      \\n      <h3>Fibre Bundle</h3>\\n      \\n      <h3>Quantum Electrodynamics</h3>\\n      \\n      <h3>Feynman Diagram</h3>\\n      \\n      <h3>Differentiable Manifold</h3>\\n      \\n    </div>\\n  </body>\\n</html>\\n' to match /<h1.*>Rapidcode Users<\\/h1>/g\n    at /home/liran/myProject/simple-nodejs-web-app/server/test/integration/index.js:15:25\n    at processTicksAndRejections (node:internal/process/task_queues:95:5)",
                "diff": null
              },
              "uuid": "b54b850b-13c6-4bcd-8ded-c54708d8f06a",
              "parentUUID": "5dd5e0b3-cf4e-4fbe-9126-b12173913779",
              "isHook": false,
              "skipped": false
            }
          ],
          "suites": [],
          "passes": [],
          "failures": [
            "b54b850b-13c6-4bcd-8ded-c54708d8f06a"
          ],
          "pending": [],
          "skipped": [],
          "duration": 69,
          "root": false,
          "rootEmpty": false,
          "_timeout": 10000
        }
      ],
      "passes": [],
      "failures": [],
      "pending": [],
      "skipped": [],
      "duration": 0,
      "root": true,
      "rootEmpty": true,
      "_timeout": 10000
    }
  ],
  "meta": {
    "mocha": {
      "version": "8.3.2"
    },
    "mochawesome": {
      "options": {
        "quiet": false,
        "reportFilename": "mochawesome",
        "saveHtml": true,
        "saveJson": true,
        "consoleReporter": "spec",
        "useInlineDiffs": false,
        "code": true
      },
      "version": "6.2.2"
    },
    "marge": {
      "options": null,
      "version": "5.2.0"
    }
  }
}